{"level":"info","message":"⌛ Validating src/drCasa.wlk","timeElapsed":221,"timestamp":"2024-10-16T13:51:46.188Z"}
{"level":"info","message":"⌛ Validating src/drCasa.wlk","timeElapsed":227,"timestamp":"2024-10-16T13:51:46.424Z"}
{"level":"info","message":"⌛ Validating src/drCasa.wlk","timeElapsed":343,"timestamp":"2024-10-16T13:51:46.769Z"}
{"level":"info","message":"⌛ Validating src/drCasa.wlk","timeElapsed":223,"timestamp":"2024-10-16T13:51:46.996Z"}
{"level":"info","message":"⌛ Validating src/drCasa.wlk","timeElapsed":233,"timestamp":"2024-10-16T13:51:47.230Z"}
{"level":"info","message":"⌛ Validating src/drCasa.wlk","timeElapsed":212,"timestamp":"2024-10-16T13:51:47.445Z"}
{"level":"info","message":"⌛ Validating src/drCasa.wlk","timeElapsed":225,"timestamp":"2024-10-16T13:51:47.670Z"}
{"level":"info","message":"⌛ Validating src/drCasa.wlk","timeElapsed":208,"timestamp":"2024-10-16T13:51:47.880Z"}
{"level":"info","message":"⌛ Building environment","timeElapsed":253,"timestamp":"2024-10-16T13:51:48.133Z"}
{"level":"error","message":"✘ Completions for node failed: Error: [Parameter]{0ff8aa} at src/drCasa.wlk:45 exhausted all cases without a match [Parameter]{0ff8aa} at src/drCasa.wlk:45 exhausted all cases without a match","stack":"Error: [Parameter]{0ff8aa} at src/drCasa.wlk:45 exhausted all cases without a match\n    at /home/barla/.vscode/extensions/uqbar.wollok-lsp-ide-0.3.5/out/server/src/server.js:38:6067\n    at hh (/home/barla/.vscode/extensions/uqbar.wollok-lsp-ide-0.3.5/out/server/src/server.js:2281:42)\n    at /home/barla/.vscode/extensions/uqbar.wollok-lsp-ide-0.3.5/out/server/src/server.js:2281:2700\n    at /home/barla/.vscode/extensions/uqbar.wollok-lsp-ide-0.3.5/out/server/src/server.js:2288:3774\n    at /home/barla/.vscode/extensions/uqbar.wollok-lsp-ide-0.3.5/out/server/src/server.js:37:74872\n    at Fe (/home/barla/.vscode/extensions/uqbar.wollok-lsp-ide-0.3.5/out/server/src/server.js:7:8527)\n    at Pt (/home/barla/.vscode/extensions/uqbar.wollok-lsp-ide-0.3.5/out/server/src/server.js:7:6189)\n    at Gi (/home/barla/.vscode/extensions/uqbar.wollok-lsp-ide-0.3.5/out/server/src/server.js:7:6378)\n    at Immediate._onImmediate (/home/barla/.vscode/extensions/uqbar.wollok-lsp-ide-0.3.5/out/server/src/server.js:7:6142)\n    at process.processImmediate (node:internal/timers:483:21)","timestamp":"2024-10-16T13:51:48.177Z"}
{"level":"info","message":"⌛ Building environment","timeElapsed":192,"timestamp":"2024-10-16T13:51:48.374Z"}
{"level":"info","message":"⌛ Building environment","timeElapsed":182,"timestamp":"2024-10-16T13:51:48.571Z"}
{"level":"info","message":"⌛ Validating src/drCasa.wlk","timeElapsed":211,"timestamp":"2024-10-16T13:51:48.783Z"}
{"level":"info","message":"⌛ Building environment","timeElapsed":190,"timestamp":"2024-10-16T13:51:48.974Z"}
{"level":"info","message":"⌛ Building environment","timeElapsed":184,"timestamp":"2024-10-16T13:51:49.159Z"}
{"level":"info","message":"⌛ Building environment","timeElapsed":186,"timestamp":"2024-10-16T13:51:49.355Z"}
{"level":"info","message":"⌛ Validating src/drCasa.wlk","timeElapsed":210,"timestamp":"2024-10-16T13:51:49.565Z"}
{"level":"info","message":"⌛ Building environment","timeElapsed":188,"timestamp":"2024-10-16T13:51:49.753Z"}
{"level":"info","message":"⌛ Validating src/drCasa.wlk","timeElapsed":203,"timestamp":"2024-10-16T13:51:49.966Z"}
{"level":"info","message":"⌛ Validating src/drCasa.wlk","timeElapsed":201,"timestamp":"2024-10-16T13:51:50.168Z"}
{"level":"info","message":"⌛ Validating src/drCasa.wlk","timeElapsed":223,"timestamp":"2024-10-16T13:51:50.392Z"}
{"level":"info","message":"⌛ Validating src/drCasa.wlk","timeElapsed":211,"timestamp":"2024-10-16T13:51:50.604Z"}
{"level":"info","message":"⌛ Validating src/drCasa.wlk","timeElapsed":232,"timestamp":"2024-10-16T13:51:50.836Z"}
{"level":"info","message":"⌛ Validating src/drCasa.wlk","timeElapsed":294,"timestamp":"2024-10-16T13:51:51.132Z"}
{"level":"info","message":"⌛ Validating src/drCasa.wlk","timeElapsed":240,"timestamp":"2024-10-16T13:51:51.373Z"}
{"level":"info","message":"⌛ Validating src/drCasa.wlk","timeElapsed":203,"timestamp":"2024-10-16T13:51:51.576Z"}
{"level":"info","message":"⌛ Validating src/drCasa.wlk","timeElapsed":224,"timestamp":"2024-10-16T13:51:51.800Z"}
{"level":"info","message":"⌛ Building environment","timeElapsed":236,"timestamp":"2024-10-16T13:51:52.038Z"}
{"level":"error","message":"✘ Completions for node failed: Error: [Return]{1f070c} at src/drCasa.wlk:-- exhausted all cases without a match [Return]{1f070c} at src/drCasa.wlk:-- exhausted all cases without a match","stack":"Error: [Return]{1f070c} at src/drCasa.wlk:-- exhausted all cases without a match\n    at /home/barla/.vscode/extensions/uqbar.wollok-lsp-ide-0.3.5/out/server/src/server.js:38:6067\n    at hh (/home/barla/.vscode/extensions/uqbar.wollok-lsp-ide-0.3.5/out/server/src/server.js:2281:42)\n    at vh (/home/barla/.vscode/extensions/uqbar.wollok-lsp-ide-0.3.5/out/server/src/server.js:2281:1004)\n    at F5n (/home/barla/.vscode/extensions/uqbar.wollok-lsp-ide-0.3.5/out/server/src/server.js:2281:1160)\n    at /home/barla/.vscode/extensions/uqbar.wollok-lsp-ide-0.3.5/out/server/src/server.js:38:6056\n    at hh (/home/barla/.vscode/extensions/uqbar.wollok-lsp-ide-0.3.5/out/server/src/server.js:2281:42)\n    at /home/barla/.vscode/extensions/uqbar.wollok-lsp-ide-0.3.5/out/server/src/server.js:2281:2700\n    at /home/barla/.vscode/extensions/uqbar.wollok-lsp-ide-0.3.5/out/server/src/server.js:2288:3774\n    at /home/barla/.vscode/extensions/uqbar.wollok-lsp-ide-0.3.5/out/server/src/server.js:37:74872\n    at Fe (/home/barla/.vscode/extensions/uqbar.wollok-lsp-ide-0.3.5/out/server/src/server.js:7:8527)","timestamp":"2024-10-16T13:51:52.077Z"}
{"level":"info","message":"⌛ Building environment","timeElapsed":188,"timestamp":"2024-10-16T13:51:52.270Z"}
{"level":"info","message":"⌛ Building environment","timeElapsed":188,"timestamp":"2024-10-16T13:51:52.469Z"}
{"level":"info","message":"⌛ Building environment","timeElapsed":179,"timestamp":"2024-10-16T13:51:52.649Z"}
{"level":"info","message":"⌛ Building environment","timeElapsed":194,"timestamp":"2024-10-16T13:51:52.854Z"}
{"level":"info","message":"⌛ Building environment","timeElapsed":232,"timestamp":"2024-10-16T13:51:53.095Z"}
{"level":"info","message":"⌛ Building environment","timeElapsed":196,"timestamp":"2024-10-16T13:51:53.292Z"}
{"level":"info","message":"⌛ Validating src/drCasa.wlk","timeElapsed":241,"timestamp":"2024-10-16T13:51:53.534Z"}
{"level":"info","message":"onRequest - completionItem/resolve","timestamp":"2024-10-16T13:51:53.537Z"}
{"level":"info","message":"⌛ Building environment","timeElapsed":373,"timestamp":"2024-10-16T13:51:53.911Z"}
{"level":"info","message":"onRequest - completionItem/resolve","timestamp":"2024-10-16T13:51:53.913Z"}
{"level":"info","message":"⌛ Validating src/drCasa.wlk","timeElapsed":260,"timestamp":"2024-10-16T13:51:54.174Z"}
{"level":"info","message":"⌛ Validating src/drCasa.wlk","timeElapsed":315,"timestamp":"2024-10-16T13:51:54.492Z"}
{"level":"info","message":"⌛ Validating src/drCasa.wlk","timeElapsed":268,"timestamp":"2024-10-16T13:51:54.771Z"}
{"level":"info","message":"⌛ Validating src/drCasa.wlk","timeElapsed":266,"timestamp":"2024-10-16T13:51:55.039Z"}
{"level":"info","message":"⌛ Validating src/drCasa.wlk","timeElapsed":219,"timestamp":"2024-10-16T13:51:55.259Z"}
{"level":"info","message":"onRequest - completionItem/resolve","timestamp":"2024-10-16T13:51:55.259Z"}
{"level":"info","message":"⌛ Building environment","timeElapsed":206,"timestamp":"2024-10-16T13:51:55.465Z"}
{"level":"info","message":"⌛ Validating src/drCasa.wlk","timeElapsed":216,"timestamp":"2024-10-16T13:51:55.682Z"}
{"level":"info","message":"⌛ Validating src/drCasa.wlk","timeElapsed":217,"timestamp":"2024-10-16T13:51:55.910Z"}
{"level":"info","message":"⌛ Validating src/drCasa.wlk","timeElapsed":221,"timestamp":"2024-10-16T13:51:56.132Z"}
{"level":"error","message":"✘ Failed to rebuild document Failed to parse src/drCasa.wlk: \n-- PARSING FAILED --------------------------------------------------\n\n  54 |         cantidadDeCelulas -= cantidadADonar\n  55 |         persona.aumentarCelulas(cantidadADonar)\n> 56 |     }\n     |     ^\n  57 | \n  58 |     method verificarCantidadDeCelulas(cantidadADonar) {\n\nExpected one of the following: \n\n'@', 'class', 'const', 'describe', 'mixin', 'object', 'only', 'package', 'program', 'test', 'var', '{', EOF, comment, not \"}\n\n    \", whitespace\n","stack":"Error: Failed to parse src/drCasa.wlk: \n-- PARSING FAILED --------------------------------------------------\n\n  54 |         cantidadDeCelulas -= cantidadADonar\n  55 |         persona.aumentarCelulas(cantidadADonar)\n> 56 |     }\n     |     ^\n  57 | \n  58 |     method verificarCantidadDeCelulas(cantidadADonar) {\n\nExpected one of the following: \n\n'@', 'class', 'const', 'describe', 'mixin', 'object', 'only', 'package', 'program', 'test', 'var', '{', EOF, comment, not \"}\n\n    \", whitespace\n\n    at /home/barla/.vscode/extensions/uqbar.wollok-lsp-ide-0.3.5/out/server/src/server.js:2244:21840\n    at Array.map (<anonymous>)\n    at Ifn (/home/barla/.vscode/extensions/uqbar.wollok-lsp-ide-0.3.5/out/server/src/server.js:2244:21764)\n    at h2.buildEnvironmentFrom (/home/barla/.vscode/extensions/uqbar.wollok-lsp-ide-0.3.5/out/server/src/server.js:2275:16306)\n    at h2.updateEnvironmentWith (/home/barla/.vscode/extensions/uqbar.wollok-lsp-ide-0.3.5/out/server/src/server.js:2275:16041)\n    at DL (/home/barla/.vscode/extensions/uqbar.wollok-lsp-ide-0.3.5/out/server/src/server.js:2288:2292)\n    at b3.invoke (/home/barla/.vscode/extensions/uqbar.wollok-lsp-ide-0.3.5/out/server/src/server.js:3:157188)\n    at o.fire (/home/barla/.vscode/extensions/uqbar.wollok-lsp-ide-0.3.5/out/server/src/server.js:3:157958)\n    at /home/barla/.vscode/extensions/uqbar.wollok-lsp-ide-0.3.5/out/server/src/server.js:37:57871\n    at Br (/home/barla/.vscode/extensions/uqbar.wollok-lsp-ide-0.3.5/out/server/src/server.js:8:1561)","timestamp":"2024-10-16T13:51:56.662Z"}
{"level":"info","message":"onRequest - completionItem/resolve","timestamp":"2024-10-16T13:51:56.731Z"}
{"level":"info","message":"⌛ Building environment","timeElapsed":207,"timestamp":"2024-10-16T13:51:58.263Z"}
{"level":"info","message":"onRequest - completionItem/resolve","timestamp":"2024-10-16T13:51:58.264Z"}
{"level":"info","message":"⌛ Building environment","timeElapsed":209,"timestamp":"2024-10-16T13:51:58.474Z"}
{"level":"info","message":"onRequest - completionItem/resolve","timestamp":"2024-10-16T13:51:58.482Z"}
{"level":"info","message":"⌛ Validating src/drCasa.wlk","timeElapsed":272,"timestamp":"2024-10-16T13:51:58.754Z"}
{"level":"info","message":"⌛ Building environment","timeElapsed":186,"timestamp":"2024-10-16T13:51:58.942Z"}
{"level":"info","message":"onRequest - completionItem/resolve","timestamp":"2024-10-16T13:51:58.951Z"}
{"level":"info","message":"⌛ Validating src/drCasa.wlk","timeElapsed":252,"timestamp":"2024-10-16T13:51:59.204Z"}
{"level":"info","message":"⌛ Building environment","timeElapsed":326,"timestamp":"2024-10-16T13:51:59.532Z"}
{"level":"info","message":"onRequest - completionItem/resolve","timestamp":"2024-10-16T13:51:59.533Z"}
{"level":"info","message":"⌛ Building environment","timeElapsed":207,"timestamp":"2024-10-16T13:51:59.740Z"}
{"level":"info","message":"onRequest - completionItem/resolve","timestamp":"2024-10-16T13:51:59.751Z"}
{"level":"info","message":"⌛ Validating src/drCasa.wlk","timeElapsed":233,"timestamp":"2024-10-16T13:51:59.985Z"}
{"level":"info","message":"onRequest - completionItem/resolve","timestamp":"2024-10-16T13:51:59.994Z"}
{"level":"info","message":"⌛ Building environment","timeElapsed":183,"timestamp":"2024-10-16T13:52:00.178Z"}
{"level":"info","message":"⌛ Validating src/drCasa.wlk","timeElapsed":246,"timestamp":"2024-10-16T13:52:00.425Z"}
{"level":"info","message":"⌛ Validating src/drCasa.wlk","timeElapsed":207,"timestamp":"2024-10-16T13:52:00.641Z"}
{"level":"info","message":"⌛ Validating src/drCasa.wlk","timeElapsed":212,"timestamp":"2024-10-16T13:52:00.854Z"}
{"level":"info","message":"⌛ Building environment","timeElapsed":246,"timestamp":"2024-10-16T13:52:29.500Z"}
{"level":"error","message":"✘ Completions for node failed: Error: [Send]{b8ba43} at src/drCasa.wlk:45 exhausted all cases without a match [Send]{b8ba43} at src/drCasa.wlk:45 exhausted all cases without a match","stack":"Error: [Send]{b8ba43} at src/drCasa.wlk:45 exhausted all cases without a match\n    at /home/barla/.vscode/extensions/uqbar.wollok-lsp-ide-0.3.5/out/server/src/server.js:38:6067\n    at hh (/home/barla/.vscode/extensions/uqbar.wollok-lsp-ide-0.3.5/out/server/src/server.js:2281:42)\n    at vh (/home/barla/.vscode/extensions/uqbar.wollok-lsp-ide-0.3.5/out/server/src/server.js:2281:1004)\n    at F5n (/home/barla/.vscode/extensions/uqbar.wollok-lsp-ide-0.3.5/out/server/src/server.js:2281:1160)\n    at /home/barla/.vscode/extensions/uqbar.wollok-lsp-ide-0.3.5/out/server/src/server.js:38:6056\n    at hh (/home/barla/.vscode/extensions/uqbar.wollok-lsp-ide-0.3.5/out/server/src/server.js:2281:42)\n    at /home/barla/.vscode/extensions/uqbar.wollok-lsp-ide-0.3.5/out/server/src/server.js:2281:2700\n    at /home/barla/.vscode/extensions/uqbar.wollok-lsp-ide-0.3.5/out/server/src/server.js:2288:3774\n    at /home/barla/.vscode/extensions/uqbar.wollok-lsp-ide-0.3.5/out/server/src/server.js:37:74872\n    at Fe (/home/barla/.vscode/extensions/uqbar.wollok-lsp-ide-0.3.5/out/server/src/server.js:7:8527)","timestamp":"2024-10-16T13:52:29.539Z"}
{"level":"error","message":"✘ Completions for node failed: Error: [Return]{1f06c1} at src/drCasa.wlk:-- exhausted all cases without a match [Return]{1f06c1} at src/drCasa.wlk:-- exhausted all cases without a match","stack":"Error: [Return]{1f06c1} at src/drCasa.wlk:-- exhausted all cases without a match\n    at /home/barla/.vscode/extensions/uqbar.wollok-lsp-ide-0.3.5/out/server/src/server.js:38:6067\n    at hh (/home/barla/.vscode/extensions/uqbar.wollok-lsp-ide-0.3.5/out/server/src/server.js:2281:42)\n    at vh (/home/barla/.vscode/extensions/uqbar.wollok-lsp-ide-0.3.5/out/server/src/server.js:2281:1004)\n    at hh (/home/barla/.vscode/extensions/uqbar.wollok-lsp-ide-0.3.5/out/server/src/server.js:2281:456)\n    at vh (/home/barla/.vscode/extensions/uqbar.wollok-lsp-ide-0.3.5/out/server/src/server.js:2281:1004)\n    at F5n (/home/barla/.vscode/extensions/uqbar.wollok-lsp-ide-0.3.5/out/server/src/server.js:2281:1160)\n    at /home/barla/.vscode/extensions/uqbar.wollok-lsp-ide-0.3.5/out/server/src/server.js:38:6056\n    at hh (/home/barla/.vscode/extensions/uqbar.wollok-lsp-ide-0.3.5/out/server/src/server.js:2281:42)\n    at /home/barla/.vscode/extensions/uqbar.wollok-lsp-ide-0.3.5/out/server/src/server.js:2281:2700\n    at /home/barla/.vscode/extensions/uqbar.wollok-lsp-ide-0.3.5/out/server/src/server.js:2288:3774","timestamp":"2024-10-16T13:52:29.540Z"}
{"level":"info","message":"⌛ Validating src/drCasa.wlk","timeElapsed":239,"timestamp":"2024-10-16T13:52:29.783Z"}
{"level":"info","message":"onRequest - completionItem/resolve","timestamp":"2024-10-16T13:52:29.785Z"}
{"level":"info","message":"⌛ Building environment","timeElapsed":304,"timestamp":"2024-10-16T13:52:50.179Z"}
{"level":"info","message":"⌛ Building environment","timeElapsed":258,"timestamp":"2024-10-16T13:52:50.437Z"}
{"level":"info","message":"⌛ Building environment","timeElapsed":204,"timestamp":"2024-10-16T13:52:50.652Z"}
{"level":"info","message":"⌛ Validating src/drCasa.wlk","timeElapsed":397,"timestamp":"2024-10-16T13:52:51.049Z"}
{"level":"info","message":"⌛ Building environment","timeElapsed":184,"timestamp":"2024-10-16T13:52:51.235Z"}
{"level":"info","message":"⌛ Validating src/drCasa.wlk","timeElapsed":259,"timestamp":"2024-10-16T13:52:51.496Z"}
{"level":"info","message":"⌛ Building environment","timeElapsed":234,"timestamp":"2024-10-16T13:52:51.732Z"}
{"level":"info","message":"⌛ Building environment","timeElapsed":209,"timestamp":"2024-10-16T13:52:51.942Z"}
{"level":"info","message":"⌛ Validating src/drCasa.wlk","timeElapsed":255,"timestamp":"2024-10-16T13:52:52.198Z"}
{"level":"info","message":"⌛ Building environment","timeElapsed":330,"timestamp":"2024-10-16T13:52:52.530Z"}
{"level":"info","message":"⌛ Building environment","timeElapsed":212,"timestamp":"2024-10-16T13:52:52.764Z"}
{"level":"info","message":"⌛ Building environment","timeElapsed":210,"timestamp":"2024-10-16T13:52:52.974Z"}
{"level":"info","message":"⌛ Building environment","timeElapsed":209,"timestamp":"2024-10-16T13:52:53.194Z"}
{"level":"info","message":"⌛ Validating src/drCasa.wlk","timeElapsed":271,"timestamp":"2024-10-16T13:52:53.465Z"}
{"level":"info","message":"⌛ Building environment","timeElapsed":226,"timestamp":"2024-10-16T13:52:53.693Z"}
{"level":"info","message":"⌛ Building environment","timeElapsed":182,"timestamp":"2024-10-16T13:52:53.883Z"}
{"level":"info","message":"⌛ Building environment","timeElapsed":208,"timestamp":"2024-10-16T13:52:54.092Z"}
{"level":"info","message":"⌛ Building environment","timeElapsed":219,"timestamp":"2024-10-16T13:52:54.323Z"}
{"level":"info","message":"⌛ Building environment","timeElapsed":205,"timestamp":"2024-10-16T13:52:54.530Z"}
{"level":"info","message":"⌛ Validating src/drCasa.wlk","timeElapsed":216,"timestamp":"2024-10-16T13:52:54.760Z"}
{"level":"info","message":"⌛ Building environment","timeElapsed":421,"timestamp":"2024-10-16T13:52:55.183Z"}
{"level":"info","message":"⌛ Building environment","timeElapsed":218,"timestamp":"2024-10-16T13:52:55.403Z"}
{"level":"info","message":"⌛ Building environment","timeElapsed":206,"timestamp":"2024-10-16T13:52:55.609Z"}
{"level":"info","message":"⌛ Validating src/drCasa.wlk","timeElapsed":279,"timestamp":"2024-10-16T13:52:55.890Z"}
{"level":"info","message":"⌛ Building environment","timeElapsed":212,"timestamp":"2024-10-16T13:52:56.103Z"}
{"level":"info","message":"⌛ Building environment","timeElapsed":194,"timestamp":"2024-10-16T13:52:56.297Z"}
{"level":"info","message":"⌛ Building environment","timeElapsed":182,"timestamp":"2024-10-16T13:52:56.480Z"}
{"level":"info","message":"⌛ Building environment","timeElapsed":194,"timestamp":"2024-10-16T13:52:56.676Z"}
{"level":"info","message":"⌛ Building environment","timeElapsed":195,"timestamp":"2024-10-16T13:52:56.872Z"}
{"level":"info","message":"⌛ Validating src/drCasa.wlk","timeElapsed":233,"timestamp":"2024-10-16T13:52:57.117Z"}
{"level":"info","message":"⌛ Building environment","timeElapsed":182,"timestamp":"2024-10-16T13:52:57.299Z"}
{"level":"info","message":"⌛ Building environment","timeElapsed":189,"timestamp":"2024-10-16T13:52:57.501Z"}
{"level":"info","message":"⌛ Validating src/drCasa.wlk","timeElapsed":236,"timestamp":"2024-10-16T13:52:57.737Z"}
{"level":"info","message":"⌛ Building environment","timeElapsed":206,"timestamp":"2024-10-16T13:52:57.945Z"}
{"level":"info","message":"⌛ Building environment","timeElapsed":264,"timestamp":"2024-10-16T13:52:58.209Z"}
{"level":"info","message":"⌛ Validating src/drCasa.wlk","timeElapsed":204,"timestamp":"2024-10-16T13:52:58.423Z"}
{"level":"info","message":"⌛ Building environment","timeElapsed":336,"timestamp":"2024-10-16T13:52:58.759Z"}
{"level":"info","message":"⌛ Validating src/drCasa.wlk","timeElapsed":219,"timestamp":"2024-10-16T13:52:58.989Z"}
{"level":"info","message":"⌛ Building environment","timeElapsed":389,"timestamp":"2024-10-16T13:52:59.379Z"}
{"level":"info","message":"⌛ Building environment","timeElapsed":195,"timestamp":"2024-10-16T13:52:59.580Z"}
{"level":"info","message":"⌛ Building environment","timeElapsed":190,"timestamp":"2024-10-16T13:52:59.772Z"}
{"level":"info","message":"⌛ Validating src/drCasa.wlk","timeElapsed":249,"timestamp":"2024-10-16T13:53:00.021Z"}
{"level":"info","message":"⌛ Building environment","timeElapsed":187,"timestamp":"2024-10-16T13:53:00.211Z"}
{"level":"info","message":"⌛ Validating src/drCasa.wlk","timeElapsed":257,"timestamp":"2024-10-16T13:53:00.469Z"}
{"level":"info","message":"⌛ Building environment","timeElapsed":204,"timestamp":"2024-10-16T13:53:00.677Z"}
{"level":"info","message":"⌛ Validating src/drCasa.wlk","timeElapsed":242,"timestamp":"2024-10-16T13:53:00.919Z"}
{"level":"info","message":"⌛ Building environment","timeElapsed":213,"timestamp":"2024-10-16T13:53:01.134Z"}
{"level":"info","message":"⌛ Building environment","timeElapsed":260,"timestamp":"2024-10-16T13:53:01.396Z"}
{"level":"info","message":"⌛ Validating src/drCasa.wlk","timeElapsed":246,"timestamp":"2024-10-16T13:53:01.651Z"}
{"level":"info","message":"⌛ Building environment","timeElapsed":349,"timestamp":"2024-10-16T13:53:02.000Z"}
{"level":"info","message":"⌛ Building environment","timeElapsed":213,"timestamp":"2024-10-16T13:53:02.225Z"}
{"level":"info","message":"⌛ Building environment","timeElapsed":208,"timestamp":"2024-10-16T13:53:02.434Z"}
{"level":"info","message":"⌛ Validating src/drCasa.wlk","timeElapsed":249,"timestamp":"2024-10-16T13:53:02.696Z"}
{"level":"info","message":"⌛ Building environment","timeElapsed":204,"timestamp":"2024-10-16T13:53:02.908Z"}
{"level":"info","message":"⌛ Validating src/drCasa.wlk","timeElapsed":231,"timestamp":"2024-10-16T13:53:03.141Z"}
{"level":"info","message":"⌛ Validating src/drCasa.wlk","timeElapsed":204,"timestamp":"2024-10-16T13:53:03.353Z"}
{"level":"info","message":"⌛ Validating src/drCasa.wlk","timeElapsed":227,"timestamp":"2024-10-16T13:53:03.581Z"}
{"level":"info","message":"⌛ Validating src/drCasa.wlk","timeElapsed":233,"timestamp":"2024-10-16T13:53:03.815Z"}
{"level":"info","message":"⌛ Validating src/drCasa.wlk","timeElapsed":206,"timestamp":"2024-10-16T13:53:04.023Z"}
{"level":"info","message":"⌛ Validating src/drCasa.wlk","timeElapsed":223,"timestamp":"2024-10-16T13:53:04.248Z"}
{"level":"info","message":"⌛ Validating src/drCasa.wlk","timeElapsed":218,"timestamp":"2024-10-16T13:53:04.466Z"}
{"level":"info","message":"⌛ Validating src/drCasa.wlk","timeElapsed":228,"timestamp":"2024-10-16T13:53:04.694Z"}
{"level":"info","message":"⌛ Validating src/drCasa.wlk","timeElapsed":241,"timestamp":"2024-10-16T13:53:04.935Z"}
{"level":"info","message":"⌛ Validating src/drCasa.wlk","timeElapsed":211,"timestamp":"2024-10-16T13:53:05.146Z"}
{"level":"info","message":"⌛ Validating src/drCasa.wlk","timeElapsed":201,"timestamp":"2024-10-16T13:53:05.350Z"}
{"level":"info","message":"⌛ Validating src/drCasa.wlk","timeElapsed":202,"timestamp":"2024-10-16T13:53:05.552Z"}
{"level":"info","message":"⌛ Validating src/drCasa.wlk","timeElapsed":205,"timestamp":"2024-10-16T13:53:05.759Z"}
{"level":"info","message":"⌛ Validating src/drCasa.wlk","timeElapsed":352,"timestamp":"2024-10-16T13:53:06.113Z"}
{"level":"info","message":"⌛ Validating src/drCasa.wlk","timeElapsed":211,"timestamp":"2024-10-16T13:53:06.326Z"}
{"level":"info","message":"⌛ Validating src/drCasa.wlk","timeElapsed":280,"timestamp":"2024-10-16T13:53:06.607Z"}
{"level":"info","message":"⌛ Validating src/drCasa.wlk","timeElapsed":204,"timestamp":"2024-10-16T13:53:06.814Z"}
{"level":"info","message":"⌛ Building environment","timeElapsed":257,"timestamp":"2024-10-16T13:53:07.072Z"}
{"level":"info","message":"⌛ Building environment","timeElapsed":191,"timestamp":"2024-10-16T13:53:07.272Z"}
{"level":"info","message":"⌛ Building environment","timeElapsed":176,"timestamp":"2024-10-16T13:53:07.449Z"}
{"level":"info","message":"⌛ Validating src/drCasa.wlk","timeElapsed":212,"timestamp":"2024-10-16T13:53:07.673Z"}
{"level":"info","message":"⌛ Building environment","timeElapsed":171,"timestamp":"2024-10-16T13:53:07.844Z"}
{"level":"info","message":"⌛ Building environment","timeElapsed":194,"timestamp":"2024-10-16T13:53:08.048Z"}
{"level":"info","message":"⌛ Building environment","timeElapsed":182,"timestamp":"2024-10-16T13:53:08.231Z"}
{"level":"info","message":"⌛ Validating src/drCasa.wlk","timeElapsed":201,"timestamp":"2024-10-16T13:53:08.443Z"}
{"level":"info","message":"⌛ Building environment","timeElapsed":172,"timestamp":"2024-10-16T13:53:08.615Z"}
{"level":"info","message":"⌛ Validating src/drCasa.wlk","timeElapsed":209,"timestamp":"2024-10-16T13:53:08.835Z"}
{"level":"info","message":"⌛ Building environment","timeElapsed":178,"timestamp":"2024-10-16T13:53:09.013Z"}
{"level":"info","message":"⌛ Building environment","timeElapsed":186,"timestamp":"2024-10-16T13:53:09.211Z"}
{"level":"info","message":"⌛ Building environment","timeElapsed":174,"timestamp":"2024-10-16T13:53:09.386Z"}
{"level":"info","message":"⌛ Building environment","timeElapsed":183,"timestamp":"2024-10-16T13:53:09.585Z"}
{"level":"info","message":"⌛ Building environment","timeElapsed":194,"timestamp":"2024-10-16T13:53:09.779Z"}
{"level":"info","message":"⌛ Validating src/drCasa.wlk","timeElapsed":205,"timestamp":"2024-10-16T13:53:09.994Z"}
{"level":"info","message":"⌛ Building environment","timeElapsed":591,"timestamp":"2024-10-16T13:53:10.586Z"}
{"level":"info","message":"⌛ Building environment","timeElapsed":207,"timestamp":"2024-10-16T13:53:10.794Z"}
{"level":"info","message":"⌛ Building environment","timeElapsed":197,"timestamp":"2024-10-16T13:53:10.992Z"}
{"level":"info","message":"⌛ Validating src/drCasa.wlk","timeElapsed":242,"timestamp":"2024-10-16T13:53:11.236Z"}
{"level":"info","message":"⌛ Building environment","timeElapsed":185,"timestamp":"2024-10-16T13:53:11.423Z"}
{"level":"info","message":"⌛ Building environment","timeElapsed":194,"timestamp":"2024-10-16T13:53:11.618Z"}
{"level":"info","message":"⌛ Building environment","timeElapsed":185,"timestamp":"2024-10-16T13:53:11.812Z"}
{"level":"info","message":"⌛ Validating src/drCasa.wlk","timeElapsed":234,"timestamp":"2024-10-16T13:53:12.047Z"}
{"level":"info","message":"⌛ Building environment","timeElapsed":210,"timestamp":"2024-10-16T13:53:12.258Z"}
{"level":"info","message":"⌛ Building environment","timeElapsed":207,"timestamp":"2024-10-16T13:53:12.467Z"}
{"level":"info","message":"⌛ Building environment","timeElapsed":243,"timestamp":"2024-10-16T13:53:12.729Z"}
{"level":"info","message":"⌛ Building environment","timeElapsed":202,"timestamp":"2024-10-16T13:53:12.932Z"}
{"level":"info","message":"⌛ Validating src/drCasa.wlk","timeElapsed":216,"timestamp":"2024-10-16T13:53:13.158Z"}
{"level":"info","message":"⌛ Building environment","timeElapsed":163,"timestamp":"2024-10-16T13:53:13.322Z"}
{"level":"info","message":"⌛ Building environment","timeElapsed":168,"timestamp":"2024-10-16T13:53:13.499Z"}
{"level":"info","message":"⌛ Building environment","timeElapsed":177,"timestamp":"2024-10-16T13:53:13.685Z"}
{"level":"info","message":"⌛ Building environment","timeElapsed":177,"timestamp":"2024-10-16T13:53:13.863Z"}
{"level":"info","message":"⌛ Building environment","timeElapsed":179,"timestamp":"2024-10-16T13:53:14.044Z"}
{"level":"info","message":"⌛ Validating src/drCasa.wlk","timeElapsed":211,"timestamp":"2024-10-16T13:53:14.264Z"}
{"level":"info","message":"⌛ Validating src/drCasa.wlk","timeElapsed":215,"timestamp":"2024-10-16T13:53:14.481Z"}
{"level":"info","message":"⌛ Validating src/drCasa.wlk","timeElapsed":212,"timestamp":"2024-10-16T13:53:14.693Z"}
{"level":"info","message":"⌛ Validating src/drCasa.wlk","timeElapsed":249,"timestamp":"2024-10-16T13:53:14.942Z"}
{"level":"info","message":"⌛ Validating src/drCasa.wlk","timeElapsed":219,"timestamp":"2024-10-16T13:53:15.162Z"}
{"level":"info","message":"⌛ Validating src/drCasa.wlk","timeElapsed":234,"timestamp":"2024-10-16T13:53:15.397Z"}
{"level":"info","message":"⌛ Validating src/drCasa.wlk","timeElapsed":214,"timestamp":"2024-10-16T13:53:15.612Z"}
{"level":"info","message":"⌛ Validating src/drCasa.wlk","timeElapsed":215,"timestamp":"2024-10-16T13:53:15.827Z"}
{"level":"info","message":"⌛ Validating src/drCasa.wlk","timeElapsed":212,"timestamp":"2024-10-16T13:53:16.039Z"}
{"level":"info","message":"⌛ Validating src/drCasa.wlk","timeElapsed":211,"timestamp":"2024-10-16T13:53:16.251Z"}
{"level":"info","message":"⌛ Validating src/drCasa.wlk","timeElapsed":228,"timestamp":"2024-10-16T13:53:16.482Z"}
{"level":"info","message":"⌛ Validating src/drCasa.wlk","timeElapsed":223,"timestamp":"2024-10-16T13:53:16.705Z"}
{"level":"info","message":"⌛ Validating src/drCasa.wlk","timeElapsed":252,"timestamp":"2024-10-16T13:53:16.960Z"}
{"level":"info","message":"⌛ Validating src/drCasa.wlk","timeElapsed":238,"timestamp":"2024-10-16T13:53:17.198Z"}
{"level":"info","message":"⌛ Validating src/drCasa.wlk","timeElapsed":217,"timestamp":"2024-10-16T13:53:17.418Z"}
{"level":"info","message":"⌛ Validating src/drCasa.wlk","timeElapsed":217,"timestamp":"2024-10-16T13:53:17.635Z"}
{"level":"info","message":"⌛ Validating src/drCasa.wlk","timeElapsed":220,"timestamp":"2024-10-16T13:53:17.857Z"}
{"level":"info","message":"⌛ Validating src/drCasa.wlk","timeElapsed":231,"timestamp":"2024-10-16T13:53:18.088Z"}
{"level":"info","message":"⌛ Validating src/drCasa.wlk","timeElapsed":212,"timestamp":"2024-10-16T13:53:18.302Z"}
{"level":"info","message":"⌛ Validating src/drCasa.wlk","timeElapsed":228,"timestamp":"2024-10-16T13:53:18.532Z"}
{"level":"info","message":"⌛ Validating src/drCasa.wlk","timeElapsed":375,"timestamp":"2024-10-16T13:53:18.913Z"}
{"level":"info","message":"⌛ Validating src/drCasa.wlk","timeElapsed":208,"timestamp":"2024-10-16T13:53:19.122Z"}
{"level":"info","message":"⌛ Validating src/drCasa.wlk","timeElapsed":220,"timestamp":"2024-10-16T13:53:19.343Z"}
{"level":"info","message":"⌛ Validating src/drCasa.wlk","timeElapsed":202,"timestamp":"2024-10-16T13:53:19.545Z"}
{"level":"info","message":"⌛ Validating src/drCasa.wlk","timeElapsed":204,"timestamp":"2024-10-16T13:53:19.749Z"}
{"level":"info","message":"⌛ Validating src/drCasa.wlk","timeElapsed":3075,"timestamp":"2024-10-16T14:13:50.119Z"}
{"level":"info","message":"⌛ Validating src/drCasa.wlk","timeElapsed":243,"timestamp":"2024-10-16T14:13:50.363Z"}
{"level":"info","message":"⌛ Building environment","timeElapsed":534,"timestamp":"2024-10-16T15:04:27.845Z"}
{"level":"info","message":"onRequest - WORKSPACE_URI:file:///home/barla/Escritorio/PdeP/paradigmaObjetos/drCasa","timestamp":"2024-10-16T15:04:27.852Z"}
{"level":"info","message":"⌛ Building environment","timeElapsed":419,"timestamp":"2024-10-16T15:04:28.275Z"}
{"level":"info","message":"⌛ Validating src/drCasa.wlk","timeElapsed":441,"timestamp":"2024-10-16T15:04:28.724Z"}
{"level":"info","message":"⌛ Building environment","timeElapsed":452,"timestamp":"2024-10-16T15:04:29.180Z"}
{"level":"info","message":"⌛ Validating src/drCasa.wlk","timeElapsed":355,"timestamp":"2024-10-16T15:04:29.552Z"}
{"level":"info","message":"⌛ Building environment","timeElapsed":336,"timestamp":"2024-10-16T15:04:57.533Z"}
{"level":"info","message":"⌛ Building environment","timeElapsed":270,"timestamp":"2024-10-16T15:04:57.805Z"}
{"level":"info","message":"⌛ Validating src/drCasa.wlk","timeElapsed":275,"timestamp":"2024-10-16T15:04:58.082Z"}
{"level":"info","message":"⌛ Building environment","timeElapsed":235,"timestamp":"2024-10-16T15:04:58.318Z"}
{"level":"info","message":"⌛ Validating src/drCasa.wlk","timeElapsed":284,"timestamp":"2024-10-16T15:04:58.617Z"}
{"level":"info","message":"⌛ Validating src/drCasa.wlk","timeElapsed":294,"timestamp":"2024-10-16T15:04:58.929Z"}
{"level":"info","message":"⌛ Building environment","timeElapsed":237,"timestamp":"2024-10-16T15:04:59.167Z"}
{"level":"info","message":"⌛ Building environment","timeElapsed":216,"timestamp":"2024-10-16T15:04:59.385Z"}
{"level":"info","message":"⌛ Building environment","timeElapsed":381,"timestamp":"2024-10-16T15:04:59.771Z"}
{"level":"info","message":"⌛ Validating src/drCasa.wlk","timeElapsed":321,"timestamp":"2024-10-16T15:05:00.093Z"}
{"level":"info","message":"⌛ Validating src/drCasa.wlk","timeElapsed":284,"timestamp":"2024-10-16T15:05:00.389Z"}
{"level":"info","message":"⌛ Validating src/drCasa.wlk","timeElapsed":275,"timestamp":"2024-10-16T15:05:00.665Z"}
